TN:
SF:src/index.js
FN:9,(anonymous_0)
FN:20,(anonymous_1)
FN:52,(anonymous_2)
FN:57,(anonymous_3)
FN:64,(anonymous_4)
FNF:5
FNH:5
FNDA:8,(anonymous_0)
FNDA:8,(anonymous_1)
FNDA:5,(anonymous_2)
FNDA:6,(anonymous_3)
FNDA:6,(anonymous_4)
DA:3,1
DA:5,1
DA:6,1
DA:10,8
DA:12,8
DA:15,3
DA:21,8
DA:22,1
DA:26,7
DA:28,7
DA:29,1
DA:32,6
DA:33,6
DA:34,1
DA:37,5
DA:38,1
DA:41,4
DA:42,4
DA:44,1
DA:53,5
DA:54,5
DA:58,6
DA:59,6
DA:61,6
DA:65,6
DA:66,6
DA:67,6
DA:68,6
DA:72,1
LF:29
LH:29
BRDA:21,0,0,1
BRDA:21,0,1,7
BRDA:28,1,0,1
BRDA:28,1,1,6
BRDA:33,2,0,1
BRDA:33,2,1,5
BRDA:37,3,0,1
BRDA:37,3,1,4
BRDA:61,4,0,6
BRDA:61,4,1,2
BRDA:67,5,0,6
BRDA:67,5,1,4
BRDA:67,6,0,6
BRDA:67,6,1,4
BRDA:68,7,0,6
BRDA:68,7,1,4
BRF:16
BRH:16
end_of_record
